16:48:39.875 [[36mmain[0;39m] [34mINFO [0;39m [33mcom.intuit.karate.Runner[0;39m - using system property 'karate.options': --tags @createPublicUser
16:48:41.001 [[36mmain[0;39m] [39mDEBUG[0;39m [33mcom.intuit.karate.Suite[0;39m - [config] classpath:karate-config.js
16:48:42.348 [[36mmain[0;39m] [34mINFO [0;39m [33mc.intuit.karate.core.FeatureRuntime[0;39m - classpath:tests/post-public-users.feature - call by tag at line 25: POSTPublicV2Users
16:48:42.359 [[36mmain[0;39m] [39mDEBUG[0;39m [33mc.intuit.karate.core.ScenarioEngine[0;39m - over-writing existing variable 'pathName' with new value: 'public/v2/users'
16:48:42.361 [[36mmain[0;39m] [39mDEBUG[0;39m [33mc.intuit.karate.core.ScenarioEngine[0;39m - over-writing existing variable 'utils' with new value: Java.type('utils.commonUtils');
16:48:42.362 [[36mmain[0;39m] [39mDEBUG[0;39m [33mc.intuit.karate.core.ScenarioEngine[0;39m - over-writing existing variable 'POSTPublicV2Users' with new value: 'classpath:tests/post-public-users.feature@POSTPublicV2Users'
16:48:42.363 [[36mmain[0;39m] [39mDEBUG[0;39m [33mc.intuit.karate.core.ScenarioEngine[0;39m - over-writing existing variable 'requestBody' with new value: read('classpath:properties/request-body.json')
16:48:42.366 [[36mmain[0;39m] [39mDEBUG[0;39m [33mc.intuit.karate.core.ScenarioEngine[0;39m - over-writing existing variable 'responseBody' with new value: read('classpath:properties/response-body.json')
16:48:42.368 [[36mmain[0;39m] [39mDEBUG[0;39m [33mc.intuit.karate.core.ScenarioEngine[0;39m - over-writing existing variable 'accessToken' with new value: 'Bearer ' + ACCESS_TOKEN
16:48:42.369 [[36mmain[0;39m] [39mDEBUG[0;39m [33mc.intuit.karate.core.ScenarioEngine[0;39m - over-writing existing variable 'name' with new value: typeof name !== 'undefined' ? name : utils.getRandomString(10)
16:48:42.371 [[36mmain[0;39m] [39mDEBUG[0;39m [33mc.intuit.karate.core.ScenarioEngine[0;39m - over-writing existing variable 'email' with new value: typeof email !== 'undefined' ? email : utils.getRandomEmailAddress(10)
16:48:42.371 [[36mmain[0;39m] [39mDEBUG[0;39m [33mc.intuit.karate.core.ScenarioEngine[0;39m - over-writing existing variable 'gender' with new value: typeof gender !== 'undefined' ? gender : utils.getRandom(['male','female'])
16:48:42.372 [[36mmain[0;39m] [39mDEBUG[0;39m [33mc.intuit.karate.core.ScenarioEngine[0;39m - over-writing existing variable 'status' with new value: typeof status !== 'undefined' ? status : utils.getRandom(['active','inactive'])
16:48:42.853 [[36mmain[0;39m] [39mDEBUG[0;39m [33mcom.intuit.karate[0;39m - request:
1 > POST https://gorest.co.in/public/v2/users
1 > Authorization: Bearer 8d6b8d9b8adae32641b3c2771b0ead077e0bb512ed1e3c860fef48a5ea5f20c1
1 > Content-Type: application/json; charset=UTF-8
1 > Content-Length: 96
1 > Host: gorest.co.in
1 > Connection: Keep-Alive
1 > User-Agent: Apache-HttpClient/4.5.14 (Java/11.0.7)
1 > Accept-Encoding: gzip,deflate
{"name":"CdUvLuBr4r","gender":"male","email":"yovdv6yvz5@karateapitest.com","status":"inactive"}

16:48:43.466 [[36mmain[0;39m] [39mDEBUG[0;39m [33mcom.intuit.karate[0;39m - response time in milliseconds: 609
1 < 201
1 < Date: Sat, 07 Sep 2024 08:48:43 GMT
1 < Content-Type: application/json; charset=utf-8
1 < Content-Length: 109
1 < Connection: keep-alive
1 < Cache-Control: max-age=0, private, must-revalidate
1 < etag: W/"1ddcc19384350794b5738c59c3288d9b"
1 < location: https://gorest.co.in/public/v2/users/7387016
1 < referrer-policy: strict-origin-when-cross-origin
1 < vary: Origin
1 < x-content-type-options: nosniff
1 < x-download-options: noopen
1 < x-frame-options: SAMEORIGIN
1 < x-permitted-cross-domain-policies: none
1 < x-ratelimit-limit: 90
1 < x-ratelimit-remaining: 89
1 < x-ratelimit-reset: 1
1 < x-request-id: b1a1641a-bdff-457b-bb36-066b4521165c
1 < x-runtime: 0.200101
1 < x-xss-protection: 0
1 < CF-Cache-Status: DYNAMIC
1 < Report-To: {"endpoints":[{"url":"https:\/\/a.nel.cloudflare.com\/report\/v4?s=mHyD%2FzokK%2BEu9MYzEoCnG0j3NmflZANrtOP6tK1xSAgVtQaL1blZ6z4GuKhQac3VMrqBrnadTkDknfKfArckSmYDTz24KUilL2cVBjeWt%2Fyt%2BC1GBV0WnxCkiRYYc%2Fc%3D"}],"group":"cf-nel","max_age":604800}
1 < NEL: {"success_fraction":0,"report_to":"cf-nel","max_age":604800}
1 < Server: cloudflare
1 < CF-RAY: 8bf570fccbb83c63-KUL
1 < alt-svc: h3=":443"; ma=86400
{"id":7387016,"name":"CdUvLuBr4r","email":"yovdv6yvz5@karateapitest.com","gender":"male","status":"inactive"}

16:48:44.346 [[36mmain[0;39m] [34mINFO [0;39m [33mcom.intuit.karate.Suite[0;39m - <<pass>> feature 2 of 2 (0 remaining) classpath:tests/post-public-users.feature
16:48:44.348 [[36mmain[0;39m] [39mDEBUG[0;39m [33mcom.intuit.karate.Suite[0;39m - waiting for 2 features to complete
